<?xml version="1.0" encoding="UTF-8"?>
<!-- Generated by org.testng.reporters.JUnitReportReporter -->
<testsuite skipped="0" hostname="lbandaru" name="com.training.sanity.tests.TeacherAddAssignmentTests" tests="1" failures="0" timestamp="13 Mar 2020 09:51:51 GMT" time="59.248" errors="0">
  <testcase name="validTeacherLoginAndAddAssignementTest" time="59.248" classname="com.training.sanity.tests.TeacherAddAssignmentTests"/>
</testsuite> <!-- com.training.sanity.tests.TeacherAddAssignmentTests -->
