<?xml version="1.0" encoding="UTF-8"?>
<!-- Generated by org.testng.reporters.JUnitReportReporter -->
<testsuite skipped="0" hostname="lbandaru" name="com.training.sanity.tests.TeacherRegistrationTests" tests="1" failures="0" timestamp="12 Mar 2020 09:27:34 GMT" time="22.099" errors="0">
  <testcase name="validForgotPasswordTest" time="22.099" classname="com.training.sanity.tests.TeacherRegistrationTests"/>
</testsuite> <!-- com.training.sanity.tests.TeacherRegistrationTests -->
