<?xml version="1.0" encoding="UTF-8"?>
<!-- Generated by org.testng.reporters.JUnitReportReporter -->
<testsuite skipped="0" hostname="lbandaru" name="com.training.sanity.tests.TeacherRateSubmittedAssignmentTests" tests="1" failures="0" timestamp="16 Mar 2020 04:17:28 GMT" time="39.136" errors="0">
  <testcase name="validateRatetheSubmittedAssignment" time="39.136" classname="com.training.sanity.tests.TeacherRateSubmittedAssignmentTests"/>
</testsuite> <!-- com.training.sanity.tests.TeacherRateSubmittedAssignmentTests -->
