<?xml version="1.0" encoding="UTF-8"?>
<!-- Generated by org.testng.reporters.JUnitReportReporter -->
<testsuite skipped="0" hostname="lbandaru" name="com.training.sanity.tests.TeacherLoginTests" tests="1" failures="0" timestamp="09 Mar 2020 04:39:13 GMT" time="30.842" errors="0">
  <testcase name="validLoginTest" time="30.842" classname="com.training.sanity.tests.TeacherLoginTests"/>
</testsuite> <!-- com.training.sanity.tests.TeacherLoginTests -->
