<?xml version="1.0" encoding="UTF-8"?>
<!-- Generated by org.testng.reporters.JUnitReportReporter -->
<testsuite skipped="0" hostname="lbandaru" name="com.training.sanity.tests.StudentLoginTests" tests="2" failures="0" timestamp="05 Mar 2020 06:01:40 GMT" time="71.326" errors="0">
  <testcase name="validForgotPasswordTest" time="34.620" classname="com.training.sanity.tests.StudentLoginTests"/>
  <testcase name="validForLoginTest" time="36.706" classname="com.training.sanity.tests.StudentLoginTests"/>
</testsuite> <!-- com.training.sanity.tests.StudentLoginTests -->
